PhysicaloidLibrary/build/outputs/logs/manifest-merger-debug-report.txt
-- Merging decision tree log ---
manifest
ADDED from CarScanDemo\PhysicaloidLibrary\AndroidManifest.xml:1:1-5:12
INJECTED from CarScanDemo\PhysicaloidLibrary\AndroidManifest.xml:1:1-5:12
	package
		INJECTED from CarScanDemo\PhysicaloidLibrary\AndroidManifest.xml
	android:versionName
		ADDED from CarScanDemo\PhysicaloidLibrary\AndroidManifest.xml:3:5-30
	xmlns:android
		ADDED from CarScanDemo\PhysicaloidLibrary\AndroidManifest.xml:1:11-69
	android:versionCode
		ADDED from CarScanDemo\PhysicaloidLibrary\AndroidManifest.xml:2:5-28
uses-sdk
INJECTED from CarScanDemo\PhysicaloidLibrary\AndroidManifest.xml reason: use-sdk injection requested
INJECTED from CarScanDemo\PhysicaloidLibrary\AndroidManifest.xml
INJECTED from CarScanDemo\PhysicaloidLibrary\AndroidManifest.xml
	android:targetSdkVersion
		INJECTED from CarScanDemo\PhysicaloidLibrary\AndroidManifest.xml
	android:minSdkVersion
		INJECTED from CarScanDemo\PhysicaloidLibrary\AndroidManifest.xml